<?xml version="1.0" encoding="UTF-8"?>
<!-- Generated by org.testng.reporters.JUnitReportReporter -->
<testsuite hostname="DESKTOP-UCUERCQ" failures="0" tests="5" name="fmanreports.Extentreports" time="0.031" errors="0" timestamp="2024-04-04T17:16:05 IST" skipped="0">
  <testcase classname="fmanreports.Extentreports" name="f2" time="0.003"/>
  <system-out/>
  <testcase classname="fmanreports.Extentreports" name="f3" time="0.003"/>
  <system-out/>
  <testcase classname="fmanreports.Extentreports" name="f5" time="0.009"/>
  <system-out/>
  <testcase classname="fmanreports.Extentreports" name="f1" time="0.014"/>
  <system-out/>
  <testcase classname="fmanreports.Extentreports" name="f4" time="0.002"/>
  <system-out/>
</testsuite> <!-- fmanreports.Extentreports -->
